<?xml version="1.0" encoding="UTF-8"?>
<!-- Generated by org.testng.reporters.JUnitXMLReporter -->
<testsuite hostname="DT12" ignored="0" name="Default test" tests="3" failures="0" timestamp="01 Oct 2019 11:45:28 GMT" time="26.865" errors="0">
  <testcase name="loginTest" time="4.426" classname="com.orangehrmlive.LoginLogoutTest"/>
  <testcase name="loginTest" time="9.792" classname="com.orangehrmlive.LoginLogoutTest"/>
  <testcase name="loginTest" time="4.126" classname="com.orangehrmlive.LoginLogoutTest"/>
</testsuite> <!-- Default test -->
