<?xml version="1.0" encoding="UTF-8"?>
<testng-results skipped="0" failed="0" ignored="0" total="3" passed="3">
  <reporter-output>
  </reporter-output>
  <suite name="Default suite" duration-ms="26865" started-at="2019-10-01T11:45:01Z" finished-at="2019-10-01T11:45:28Z">
    <groups>
    </groups>
    <test name="Default test" duration-ms="26865" started-at="2019-10-01T11:45:01Z" finished-at="2019-10-01T11:45:28Z">
      <class name="com.orangehrmlive.LoginLogoutTest">
        <test-method status="PASS" signature="openBrowser()[pri:0, instance:com.orangehrmlive.LoginLogoutTest@51565ec2]" name="openBrowser" is-config="true" duration-ms="8433" started-at="2019-10-01T11:45:01Z" finished-at="2019-10-01T11:45:10Z">
          <reporter-output>
          </reporter-output>
        </test-method> <!-- openBrowser -->
        <test-method status="PASS" signature="loginTest(java.lang.String, java.lang.String)[pri:0, instance:com.orangehrmlive.LoginLogoutTest@51565ec2]" name="loginTest" duration-ms="4426" started-at="2019-10-01T11:45:10Z" data-provider="credentials" finished-at="2019-10-01T11:45:14Z">
          <params>
            <param index="0">
              <value>
                <![CDATA[linda.anderson]]>
              </value>
            </param>
            <param index="1">
              <value>
                <![CDATA[linda.anderso]]>
              </value>
            </param>
          </params>
          <reporter-output>
          </reporter-output>
        </test-method> <!-- loginTest -->
        <test-method status="PASS" signature="loginTest(java.lang.String, java.lang.String)[pri:0, instance:com.orangehrmlive.LoginLogoutTest@51565ec2]" name="loginTest" duration-ms="9792" started-at="2019-10-01T11:45:14Z" data-provider="credentials" finished-at="2019-10-01T11:45:24Z">
          <params>
            <param index="0">
              <value>
                <![CDATA[linda.anderson]]>
              </value>
            </param>
            <param index="1">
              <value>
                <![CDATA[linda.anderson]]>
              </value>
            </param>
          </params>
          <reporter-output>
          </reporter-output>
        </test-method> <!-- loginTest -->
        <test-method status="PASS" signature="loginTest(java.lang.String, java.lang.String)[pri:0, instance:com.orangehrmlive.LoginLogoutTest@51565ec2]" name="loginTest" duration-ms="4126" started-at="2019-10-01T11:45:24Z" data-provider="credentials" finished-at="2019-10-01T11:45:28Z">
          <params>
            <param index="0">
              <value>
                <![CDATA[linda.anderson]]>
              </value>
            </param>
            <param index="1">
              <value>
                <![CDATA[linda.anderso]]>
              </value>
            </param>
          </params>
          <reporter-output>
          </reporter-output>
        </test-method> <!-- loginTest -->
        <test-method status="PASS" signature="closeBrowser()[pri:0, instance:com.orangehrmlive.LoginLogoutTest@51565ec2]" name="closeBrowser" is-config="true" duration-ms="64" started-at="2019-10-01T11:45:28Z" finished-at="2019-10-01T11:45:28Z">
          <reporter-output>
          </reporter-output>
        </test-method> <!-- closeBrowser -->
      </class> <!-- com.orangehrmlive.LoginLogoutTest -->
    </test> <!-- Default test -->
  </suite> <!-- Default suite -->
</testng-results>
