<?xml version="1.0" encoding="UTF-8"?>
<!-- Generated by org.testng.reporters.JUnitXMLReporter -->
<testsuite hostname="DT13" ignored="0" name="Test" tests="3" failures="0" timestamp="01 Oct 2019 10:24:12 GMT" time="20.758" errors="0">
  <testcase name="loginTest" time="3.922" classname="com.orangehrmlive.shahid"/>
  <testcase name="loginTest" time="5.302" classname="com.orangehrmlive.shahid"/>
  <testcase name="logoutTest" time="3.996" classname="com.orangehrmlive.shahid"/>
</testsuite> <!-- Test -->
